#
# There is insufficient memory for the Java Runtime Environment to continue.
# Native memory allocation (malloc) failed to allocate 32784 bytes for Chunk::new
# Possible reasons:
#   The system is out of physical RAM or swap space
#   The process is running with CompressedOops enabled, and the Java Heap may be blocking the growth of the native heap
# Possible solutions:
#   Reduce memory load on the system
#   Increase physical memory or swap space
#   Check if swap backing store is full
#   Decrease Java heap size (-Xmx/-Xms)
#   Decrease number of Java threads
#   Decrease Java thread stack sizes (-Xss)
#   Set larger code cache with -XX:ReservedCodeCacheSize=
#   JVM is running with Unscaled Compressed Oops mode in which the Java heap is
#     placed in the first 4GB address space. The Java Heap base address is the
#     maximum limit for the native heap growth. Please use -XX:HeapBaseMinAddress
#     to set the Java Heap base and to place the Java Heap above 4GB virtual address.
# This output file may be truncated or incomplete.
#
#  Out of Memory Error (allocation.cpp:389), pid=11128, tid=0x0000000000001d90
#
# JRE version: Java(TM) SE Runtime Environment (8.0_261-b12) (build 1.8.0_261-b12)
# Java VM: Java HotSpot(TM) 64-Bit Server VM (25.261-b12 mixed mode windows-amd64 compressed oops)
# Failed to write core dump. Minidumps are not enabled by default on client versions of Windows
#

---------------  T H R E A D  ---------------

Current thread (0x00000150ffa10000):  JavaThread "C2 CompilerThread0" daemon [_thread_in_native, id=7568, stack(0x0000000908e00000,0x0000000908f00000)]

Stack: [0x0000000908e00000,0x0000000908f00000]
Native frames: (J=compiled Java code, j=interpreted, Vv=VM code, C=native code)
V  [jvm.dll+0x33e5f9]


Current CompileTask:
C2:   9157 1874       4       groovy.lang.MetaClassImpl$1MOPIter::methodNameAction (325 bytes)


---------------  P R O C E S S  ---------------

Java Threads: ( => current thread )
  0x00000150ffaa0000 JavaThread "Service Thread" daemon [_thread_blocked, id=9848, stack(0x0000000909000000,0x0000000909100000)]
  0x00000150ffa69800 JavaThread "C1 CompilerThread1" daemon [_thread_blocked, id=5928, stack(0x0000000908f00000,0x0000000909000000)]
=>0x00000150ffa10000 JavaThread "C2 CompilerThread0" daemon [_thread_in_native, id=7568, stack(0x0000000908e00000,0x0000000908f00000)]
  0x00000150ffa0a800 JavaThread "Monitor Ctrl-Break" daemon [_thread_in_native, id=10900, stack(0x0000000908d00000,0x0000000908e00000)]
  0x00000150ff9a9800 JavaThread "Attach Listener" daemon [_thread_blocked, id=8476, stack(0x0000000908c00000,0x0000000908d00000)]
  0x00000150ff9a6800 JavaThread "Signal Dispatcher" daemon [_thread_blocked, id=4860, stack(0x0000000908b00000,0x0000000908c00000)]
  0x00000150ff978800 JavaThread "Finalizer" daemon [_thread_blocked, id=8872, stack(0x0000000908a00000,0x0000000908b00000)]
  0x00000150ff4ae800 JavaThread "Reference Handler" daemon [_thread_blocked, id=4368, stack(0x0000000908900000,0x0000000908a00000)]
  0x00000150f8567000 JavaThread "main" [_thread_in_native, id=9384, stack(0x0000000908500000,0x0000000908600000)]

Other Threads:
  0x00000150ff953000 VMThread [stack: 0x0000000908800000,0x0000000908900000] [id=2236]
  0x00000150ffaec000 WatcherThread [stack: 0x0000000909100000,0x0000000909200000] [id=11084]

VM state:not at safepoint (normal execution)

VM Mutex/Monitor currently owned by a thread: None

heap address: 0x0000000081000000, size: 2032 MB, Compressed Oops mode: 32-bit
Narrow klass base: 0x0000000000000000, Narrow klass shift: 3
Compressed class space size: 1073741824 Address: 0x0000000100000000

Heap:
 PSYoungGen      total 38400K, used 10435K [0x00000000d5b00000, 0x00000000d8580000, 0x0000000100000000)
  eden space 33280K, 16% used [0x00000000d5b00000,0x00000000d60339f0,0x00000000d7b80000)
  from space 5120K, 99% used [0x00000000d8080000,0x00000000d857d300,0x00000000d8580000)
  to   space 5120K, 0% used [0x00000000d7b80000,0x00000000d7b80000,0x00000000d8080000)
 ParOldGen       total 87552K, used 6878K [0x0000000081000000, 0x0000000086580000, 0x00000000d5b00000)
  object space 87552K, 7% used [0x0000000081000000,0x00000000816b79b0,0x0000000086580000)
 Metaspace       used 16869K, capacity 17716K, committed 17792K, reserved 1064960K
  class space    used 1899K, capacity 2103K, committed 2176K, reserved 1048576K

Card table byte_map: [0x00000150fa180000,0x00000150fa580000] byte_map_base: 0x00000150f9d78000

Marking Bits: (ParMarkBitMap*) 0x0000000066e64fb0
 Begin Bits: [0x00000150fa830000, 0x00000150fc7f0000)
 End Bits:   [0x00000150fc7f0000, 0x00000150fe7b0000)

Polling page: 0x00000150f84a0000

CodeCache: size=245760Kb used=7636Kb max_used=7636Kb free=238123Kb
 bounds [0x0000015080000000, 0x0000015080780000, 0x000001508f000000]
 total_blobs=2496 nmethods=1880 adapters=530
 compilation: enabled

Compilation events (10 events):
Event: 8.877 Thread 0x00000150ffa69800 1880       3       org.codehaus.groovy.runtime.metaclass.MetaMethodIndex::getHeader (38 bytes)
Event: 8.878 Thread 0x00000150ffa69800 nmethod 1880 0x0000015080777790 code [0x0000015080777940, 0x0000015080777f20]
Event: 8.878 Thread 0x00000150ffa69800 1881       3       org.codehaus.groovy.classgen.asm.BytecodeHelper::getTypeDescription (5 bytes)
Event: 8.879 Thread 0x00000150ffa69800 nmethod 1881 0x0000015080776dd0 code [0x0000015080776f80, 0x00000150807774e0]
Event: 8.880 Thread 0x00000150ffa69800 1882       3       org.codehaus.groovy.reflection.ClassInfo::getWeakMetaClass (21 bytes)
Event: 8.880 Thread 0x00000150ffa69800 nmethod 1882 0x0000015080776690 code [0x0000015080776820, 0x0000015080776c90]
Event: 8.882 Thread 0x00000150ffa69800 1883       3       org.codehaus.groovy.reflection.ClassInfo::isValidWeakMetaClass (30 bytes)
Event: 8.882 Thread 0x00000150ffa69800 nmethod 1883 0x0000015080776090 code [0x0000015080776200, 0x00000150807765f8]
Event: 8.886 Thread 0x00000150ffa69800 1884       3       org.codehaus.groovy.reflection.ParameterTypes::correctArguments (79 bytes)
Event: 8.887 Thread 0x00000150ffa69800 nmethod 1884 0x00000150807781d0 code [0x00000150807783c0, 0x0000015080778cf0]

GC Heap History (8 events):
Event: 4.309 GC heap before
{Heap before GC invocations=1 (full 0):
 PSYoungGen      total 38400K, used 33280K [0x00000000d5b00000, 0x00000000d8580000, 0x0000000100000000)
  eden space 33280K, 100% used [0x00000000d5b00000,0x00000000d7b80000,0x00000000d7b80000)
  from space 5120K, 0% used [0x00000000d8080000,0x00000000d8080000,0x00000000d8580000)
  to   space 5120K, 0% used [0x00000000d7b80000,0x00000000d7b80000,0x00000000d8080000)
 ParOldGen       total 87552K, used 0K [0x0000000081000000, 0x0000000086580000, 0x00000000d5b00000)
  object space 87552K, 0% used [0x0000000081000000,0x0000000081000000,0x0000000086580000)
 Metaspace       used 10353K, capacity 10568K, committed 10880K, reserved 1058816K
  class space    used 1197K, capacity 1282K, committed 1408K, reserved 1048576K
Event: 4.323 GC heap after
Heap after GC invocations=1 (full 0):
 PSYoungGen      total 38400K, used 4683K [0x00000000d5b00000, 0x00000000d8580000, 0x0000000100000000)
  eden space 33280K, 0% used [0x00000000d5b00000,0x00000000d5b00000,0x00000000d7b80000)
  from space 5120K, 91% used [0x00000000d7b80000,0x00000000d8012e98,0x00000000d8080000)
  to   space 5120K, 0% used [0x00000000d8080000,0x00000000d8080000,0x00000000d8580000)
 ParOldGen       total 87552K, used 8K [0x0000000081000000, 0x0000000086580000, 0x00000000d5b00000)
  object space 87552K, 0% used [0x0000000081000000,0x0000000081002000,0x0000000086580000)
 Metaspace       used 10353K, capacity 10568K, committed 10880K, reserved 1058816K
  class space    used 1197K, capacity 1282K, committed 1408K, reserved 1048576K
}
Event: 6.203 GC heap before
{Heap before GC invocations=2 (full 0):
 PSYoungGen      total 38400K, used 37963K [0x00000000d5b00000, 0x00000000d8580000, 0x0000000100000000)
  eden space 33280K, 100% used [0x00000000d5b00000,0x00000000d7b80000,0x00000000d7b80000)
  from space 5120K, 91% used [0x00000000d7b80000,0x00000000d8012e98,0x00000000d8080000)
  to   space 5120K, 0% used [0x00000000d8080000,0x00000000d8080000,0x00000000d8580000)
 ParOldGen       total 87552K, used 8K [0x0000000081000000, 0x0000000086580000, 0x00000000d5b00000)
  object space 87552K, 0% used [0x0000000081000000,0x0000000081002000,0x0000000086580000)
 Metaspace       used 14970K, capacity 15356K, committed 15744K, reserved 1062912K
  class space    used 1661K, capacity 1797K, committed 1920K, reserved 1048576K
Event: 6.224 GC heap after
Heap after GC invocations=2 (full 0):
 PSYoungGen      total 38400K, used 5098K [0x00000000d5b00000, 0x00000000d8580000, 0x0000000100000000)
  eden space 33280K, 0% used [0x00000000d5b00000,0x00000000d5b00000,0x00000000d7b80000)
  from space 5120K, 99% used [0x00000000d8080000,0x00000000d857aa90,0x00000000d8580000)
  to   space 5120K, 0% used [0x00000000d7b80000,0x00000000d7b80000,0x00000000d8080000)
 ParOldGen       total 87552K, used 1854K [0x0000000081000000, 0x0000000086580000, 0x00000000d5b00000)
  object space 87552K, 2% used [0x0000000081000000,0x00000000811cfa58,0x0000000086580000)
 Metaspace       used 14970K, capacity 15356K, committed 15744K, reserved 1062912K
  class space    used 1661K, capacity 1797K, committed 1920K, reserved 1048576K
}
Event: 7.482 GC heap before
{Heap before GC invocations=3 (full 0):
 PSYoungGen      total 38400K, used 38378K [0x00000000d5b00000, 0x00000000d8580000, 0x0000000100000000)
  eden space 33280K, 100% used [0x00000000d5b00000,0x00000000d7b80000,0x00000000d7b80000)
  from space 5120K, 99% used [0x00000000d8080000,0x00000000d857aa90,0x00000000d8580000)
  to   space 5120K, 0% used [0x00000000d7b80000,0x00000000d7b80000,0x00000000d8080000)
 ParOldGen       total 87552K, used 1854K [0x0000000081000000, 0x0000000086580000, 0x00000000d5b00000)
  object space 87552K, 2% used [0x0000000081000000,0x00000000811cfa58,0x0000000086580000)
 Metaspace       used 16113K, capacity 16564K, committed 16896K, reserved 1064960K
  class space    used 1777K, capacity 1921K, committed 2048K, reserved 1048576K
Event: 7.505 GC heap after
Heap after GC invocations=3 (full 0):
 PSYoungGen      total 38400K, used 5108K [0x00000000d5b00000, 0x00000000d8580000, 0x0000000100000000)
  eden space 33280K, 0% used [0x00000000d5b00000,0x00000000d5b00000,0x00000000d7b80000)
  from space 5120K, 99% used [0x00000000d7b80000,0x00000000d807d300,0x00000000d8080000)
  to   space 5120K, 0% used [0x00000000d8080000,0x00000000d8080000,0x00000000d8580000)
 ParOldGen       total 87552K, used 4155K [0x0000000081000000, 0x0000000086580000, 0x00000000d5b00000)
  object space 87552K, 4% used [0x0000000081000000,0x000000008140ee18,0x0000000086580000)
 Metaspace       used 16113K, capacity 16564K, committed 16896K, reserved 1064960K
  class space    used 1777K, capacity 1921K, committed 2048K, reserved 1048576K
}
Event: 8.660 GC heap before
{Heap before GC invocations=4 (full 0):
 PSYoungGen      total 38400K, used 38388K [0x00000000d5b00000, 0x00000000d8580000, 0x0000000100000000)
  eden space 33280K, 100% used [0x00000000d5b00000,0x00000000d7b80000,0x00000000d7b80000)
  from space 5120K, 99% used [0x00000000d7b80000,0x00000000d807d300,0x00000000d8080000)
  to   space 5120K, 0% used [0x00000000d8080000,0x00000000d8080000,0x00000000d8580000)
 ParOldGen       total 87552K, used 4155K [0x0000000081000000, 0x0000000086580000, 0x00000000d5b00000)
  object space 87552K, 4% used [0x0000000081000000,0x000000008140ee18,0x0000000086580000)
 Metaspace       used 16649K, capacity 17412K, committed 17664K, reserved 1064960K
  class space    used 1841K, capacity 2000K, committed 2048K, reserved 1048576K
Event: 8.684 GC heap after
Heap after GC invocations=4 (full 0):
 PSYoungGen      total 38400K, used 5108K [0x00000000d5b00000, 0x00000000d8580000, 0x0000000100000000)
  eden space 33280K, 0% used [0x00000000d5b00000,0x00000000d5b00000,0x00000000d7b80000)
  from space 5120K, 99% used [0x00000000d8080000,0x00000000d857d300,0x00000000d8580000)
  to   space 5120K, 0% used [0x00000000d7b80000,0x00000000d7b80000,0x00000000d8080000)
 ParOldGen       total 87552K, used 6878K [0x0000000081000000, 0x0000000086580000, 0x00000000d5b00000)
  object space 87552K, 7% used [0x0000000081000000,0x00000000816b79b0,0x0000000086580000)
 Metaspace       used 16649K, capacity 17412K, committed 17664K, reserved 1064960K
  class space    used 1841K, capacity 2000K, committed 2048K, reserved 1048576K
}

Deoptimization events (10 events):
Event: 3.884 Thread 0x00000150f8567000 Uncommon trap: reason=unstable_if action=reinterpret pc=0x000001508036a47c method=java.util.concurrent.ConcurrentHashMap.containsKey(Ljava/lang/Object;)Z @ 5
Event: 4.341 Thread 0x00000150f8567000 Uncommon trap: reason=unstable_if action=reinterpret pc=0x00000150802985cc method=sun.misc.MetaIndex.mayContain(Ljava/lang/String;)Z @ 38
Event: 5.035 Thread 0x00000150f8567000 Uncommon trap: reason=unstable_if action=reinterpret pc=0x0000015080397ff0 method=java.lang.reflect.Proxy.isProxyClass(Ljava/lang/Class;)Z @ 6
Event: 5.058 Thread 0x00000150f8567000 Uncommon trap: reason=range_check action=make_not_entrant pc=0x00000150802e8260 method=sun.reflect.generics.parser.SignatureParser.current()C @ 34
Event: 6.173 Thread 0x00000150f8567000 Uncommon trap: reason=bimorphic action=maybe_recompile pc=0x000001508030f214 method=java.util.HashMap.putVal(ILjava/lang/Object;Ljava/lang/Object;ZZ)Ljava/lang/Object; @ 253
Event: 6.173 Thread 0x00000150f8567000 Uncommon trap: reason=bimorphic action=maybe_recompile pc=0x000001508030f214 method=java.util.HashMap.putVal(ILjava/lang/Object;Ljava/lang/Object;ZZ)Ljava/lang/Object; @ 253
Event: 6.173 Thread 0x00000150f8567000 Uncommon trap: reason=bimorphic action=maybe_recompile pc=0x000001508030f214 method=java.util.HashMap.putVal(ILjava/lang/Object;Ljava/lang/Object;ZZ)Ljava/lang/Object; @ 253
Event: 6.173 Thread 0x00000150f8567000 Uncommon trap: reason=bimorphic action=maybe_recompile pc=0x000001508030f214 method=java.util.HashMap.putVal(ILjava/lang/Object;Ljava/lang/Object;ZZ)Ljava/lang/Object; @ 253
Event: 8.436 Thread 0x00000150f8567000 Uncommon trap: reason=unstable_if action=reinterpret pc=0x00000150806d5f9c method=groovy.lang.MetaClassImpl.checkIfStdMethod(Lgroovy/lang/MetaMethod;)V @ 167
Event: 8.594 Thread 0x00000150f8567000 Uncommon trap: reason=unstable_if action=reinterpret pc=0x000001508071f464 method=groovy.lang.MetaClassImpl.checkIfStdMethod(Lgroovy/lang/MetaMethod;)V @ 167

Classes redefined (0 events):
No events

Internal exceptions (10 events):
Event: 8.776 Thread 0x00000150f8567000 Exception <a 'java/lang/ClassNotFoundException': org/apache/commons/lang3/StringUtilsBeanInfo> (0x00000000d5d220f0) thrown at [C:\jenkins\workspace\8-2-build-windows-amd64-cygwin\jdk8u261\295\hotspot\src\share\vm\classfile\systemDictionary.cpp, line 210]
Event: 8.777 Thread 0x00000150f8567000 Exception <a 'java/lang/ClassNotFoundException': org/apache/commons/lang3/StringUtilsCustomizer> (0x00000000d5d34ce8) thrown at [C:\jenkins\workspace\8-2-build-windows-amd64-cygwin\jdk8u261\295\hotspot\src\share\vm\classfile\systemDictionary.cpp, line 210
Event: 8.804 Thread 0x00000150f8567000 Exception <a 'java/lang/ClassNotFoundException': io/restassured/config/LogConfigBeanInfo> (0x00000000d5e19b60) thrown at [C:\jenkins\workspace\8-2-build-windows-amd64-cygwin\jdk8u261\295\hotspot\src\share\vm\classfile\systemDictionary.cpp, line 210]
Event: 8.805 Thread 0x00000150f8567000 Exception <a 'java/lang/ClassNotFoundException': io/restassured/config/LogConfigCustomizer> (0x00000000d5e2b390) thrown at [C:\jenkins\workspace\8-2-build-windows-amd64-cygwin\jdk8u261\295\hotspot\src\share\vm\classfile\systemDictionary.cpp, line 210]
Event: 8.854 Thread 0x00000150f8567000 Exception <a 'java/lang/ClassNotFoundException': io/restassured/filter/time/TimingFilterBeanInfo> (0x00000000d5f105f8) thrown at [C:\jenkins\workspace\8-2-build-windows-amd64-cygwin\jdk8u261\295\hotspot\src\share\vm\classfile\systemDictionary.cpp, line 21
Event: 8.855 Thread 0x00000150f8567000 Exception <a 'java/lang/ClassNotFoundException': io/restassured/filter/time/TimingFilterCustomizer> (0x00000000d5f23ca0) thrown at [C:\jenkins\workspace\8-2-build-windows-amd64-cygwin\jdk8u261\295\hotspot\src\share\vm\classfile\systemDictionary.cpp, line 
Event: 8.862 Thread 0x00000150f8567000 Exception <a 'java/lang/ClassNotFoundException': io/restassured/internal/filter/SendRequestFilterBeanInfo> (0x00000000d5f615f8) thrown at [C:\jenkins\workspace\8-2-build-windows-amd64-cygwin\jdk8u261\295\hotspot\src\share\vm\classfile\systemDictionary.cpp
Event: 8.863 Thread 0x00000150f8567000 Exception <a 'java/lang/ClassNotFoundException': io/restassured/internal/filter/SendRequestFilterCustomizer> (0x00000000d5f76b88) thrown at [C:\jenkins\workspace\8-2-build-windows-amd64-cygwin\jdk8u261\295\hotspot\src\share\vm\classfile\systemDictionary.c
Event: 8.874 Thread 0x00000150f8567000 Exception <a 'java/lang/ClassNotFoundException': io/restassured/http/ContentTypeBeanInfo> (0x00000000d5fc20c0) thrown at [C:\jenkins\workspace\8-2-build-windows-amd64-cygwin\jdk8u261\295\hotspot\src\share\vm\classfile\systemDictionary.cpp, line 210]
Event: 8.876 Thread 0x00000150f8567000 Exception <a 'java/lang/ClassNotFoundException': io/restassured/http/ContentTypeCustomizer> (0x00000000d5fd3e68) thrown at [C:\jenkins\workspace\8-2-build-windows-amd64-cygwin\jdk8u261\295\hotspot\src\share\vm\classfile\systemDictionary.cpp, line 210]

Events (10 events):
Event: 8.884 loading class groovy/runtime/metaclass/io/restassured/internal/RequestSpecificationImpl$_header_closure8MetaClass
Event: 8.884 loading class groovy/runtime/metaclass/io/restassured/internal/RequestSpecificationImpl$_header_closure8MetaClass done
Event: 8.887 loading class org/codehaus/groovy/runtime/callsite/GetEffectivePojoFieldSite
Event: 8.887 loading class org/codehaus/groovy/runtime/callsite/GetEffectivePojoFieldSite done
Event: 8.889 loading class sun/reflect/UnsafeQualifiedObjectFieldAccessorImpl
Event: 8.889 loading class sun/reflect/UnsafeQualifiedFieldAccessorImpl
Event: 8.889 loading class sun/reflect/UnsafeQualifiedFieldAccessorImpl done
Event: 8.889 loading class sun/reflect/UnsafeQualifiedObjectFieldAccessorImpl done
Event: 8.889 loading class groovy/runtime/metaclass/io/restassured/internal/MultiValueEntityMetaClass
Event: 8.889 loading class groovy/runtime/metaclass/io/restassured/internal/MultiValueEntityMetaClass done


Dynamic libraries:
0x00007ff7bea50000 - 0x00007ff7bea97000 	C:\Program Files\Java\jdk1.8.0_261\bin\java.exe
0x00007ff8ba150000 - 0x00007ff8ba345000 	C:\WINDOWS\SYSTEM32\ntdll.dll
0x00007ff8b83f0000 - 0x00007ff8b84ad000 	C:\WINDOWS\System32\KERNEL32.DLL
0x00007ff8b79a0000 - 0x00007ff8b7c68000 	C:\WINDOWS\System32\KERNELBASE.dll
0x00007ff8b9060000 - 0x00007ff8b910c000 	C:\WINDOWS\System32\ADVAPI32.dll
0x00007ff8b94c0000 - 0x00007ff8b955e000 	C:\WINDOWS\System32\msvcrt.dll
0x00007ff8b9840000 - 0x00007ff8b98db000 	C:\WINDOWS\System32\sechost.dll
0x00007ff8b8e80000 - 0x00007ff8b8fab000 	C:\WINDOWS\System32\RPCRT4.dll
0x00007ff8b8250000 - 0x00007ff8b83f0000 	C:\WINDOWS\System32\USER32.dll
0x00007ff8b7890000 - 0x00007ff8b78b2000 	C:\WINDOWS\System32\win32u.dll
0x00007ff8b8220000 - 0x00007ff8b824a000 	C:\WINDOWS\System32\GDI32.dll
0x00007ff8b7fb0000 - 0x00007ff8b80bb000 	C:\WINDOWS\System32\gdi32full.dll
0x00007ff8b8110000 - 0x00007ff8b81ad000 	C:\WINDOWS\System32\msvcp_win.dll
0x00007ff8b7d50000 - 0x00007ff8b7e50000 	C:\WINDOWS\System32\ucrtbase.dll
0x00007ff89d930000 - 0x00007ff89dbca000 	C:\WINDOWS\WinSxS\amd64_microsoft.windows.common-controls_6595b64144ccf1df_6.0.19041.844_none_ca00b6081b84eb1d\COMCTL32.dll
0x00007ff8b91d0000 - 0x00007ff8b9200000 	C:\WINDOWS\System32\IMM32.DLL
0x00007ff89bea0000 - 0x00007ff89beb5000 	C:\Program Files\Java\jdk1.8.0_261\jre\bin\vcruntime140.dll
0x00007ff894460000 - 0x00007ff8944fb000 	C:\Program Files\Java\jdk1.8.0_261\jre\bin\msvcp140.dll
0x0000000066670000 - 0x0000000066edc000 	C:\Program Files\Java\jdk1.8.0_261\jre\bin\server\jvm.dll
0x00007ff8b9630000 - 0x00007ff8b9638000 	C:\WINDOWS\System32\PSAPI.DLL
0x00007ff8a7700000 - 0x00007ff8a7709000 	C:\WINDOWS\SYSTEM32\WSOCK32.dll
0x00007ff8b97d0000 - 0x00007ff8b983b000 	C:\WINDOWS\System32\WS2_32.dll
0x00007ff8a5e60000 - 0x00007ff8a5e87000 	C:\WINDOWS\SYSTEM32\WINMM.dll
0x00007ff8acd00000 - 0x00007ff8acd0a000 	C:\WINDOWS\SYSTEM32\VERSION.dll
0x00007ff8b57f0000 - 0x00007ff8b5802000 	C:\WINDOWS\SYSTEM32\kernel.appcore.dll
0x00007ff89be60000 - 0x00007ff89be70000 	C:\Program Files\Java\jdk1.8.0_261\jre\bin\verify.dll
0x00007ff89be30000 - 0x00007ff89be5b000 	C:\Program Files\Java\jdk1.8.0_261\jre\bin\java.dll
0x00007ff89f630000 - 0x00007ff89f662000 	C:\Program Files\Java\jdk1.8.0_261\jre\bin\instrument.dll
0x00007ff89b2b0000 - 0x00007ff89b2c8000 	C:\Program Files\Java\jdk1.8.0_261\jre\bin\zip.dll
0x00007ff8b9960000 - 0x00007ff8ba0a2000 	C:\WINDOWS\System32\SHELL32.dll
0x00007ff8b59f0000 - 0x00007ff8b6181000 	C:\WINDOWS\SYSTEM32\windows.storage.dll
0x00007ff8b8a40000 - 0x00007ff8b8d95000 	C:\WINDOWS\System32\combase.dll
0x00007ff8b7230000 - 0x00007ff8b725c000 	C:\WINDOWS\SYSTEM32\Wldp.dll
0x00007ff8b8fb0000 - 0x00007ff8b905e000 	C:\WINDOWS\System32\SHCORE.dll
0x00007ff8b81c0000 - 0x00007ff8b8215000 	C:\WINDOWS\System32\shlwapi.dll
0x00007ff8b77d0000 - 0x00007ff8b77ef000 	C:\WINDOWS\SYSTEM32\profapi.dll
0x00007ff8a4220000 - 0x00007ff8a423a000 	C:\Program Files\JetBrains\IntelliJ IDEA Community Edition 2020.3.3\bin\breakgen64.dll
0x00007ff894de0000 - 0x00007ff894dfc000 	C:\Program Files\Java\jdk1.8.0_261\jre\bin\net.dll
0x00007ff8b6fa0000 - 0x00007ff8b700a000 	C:\WINDOWS\system32\mswsock.dll
0x00007ff8b7180000 - 0x00007ff8b7198000 	C:\WINDOWS\SYSTEM32\CRYPTSP.dll
0x00007ff8b6940000 - 0x00007ff8b6974000 	C:\WINDOWS\system32\rsaenh.dll
0x00007ff8b7c70000 - 0x00007ff8b7c97000 	C:\WINDOWS\System32\bcrypt.dll
0x00007ff8b7790000 - 0x00007ff8b77be000 	C:\WINDOWS\SYSTEM32\USERENV.dll
0x00007ff8b7920000 - 0x00007ff8b79a0000 	C:\WINDOWS\System32\bcryptprimitives.dll
0x00007ff8b7170000 - 0x00007ff8b717c000 	C:\WINDOWS\SYSTEM32\CRYPTBASE.dll
0x00007ff8b6c90000 - 0x00007ff8b6ccb000 	C:\WINDOWS\SYSTEM32\IPHLPAPI.DLL
0x00007ff8b9130000 - 0x00007ff8b9138000 	C:\WINDOWS\System32\NSI.dll
0x00007ff8b11a0000 - 0x00007ff8b11b7000 	C:\WINDOWS\SYSTEM32\dhcpcsvc6.DLL
0x00007ff8b1200000 - 0x00007ff8b121d000 	C:\WINDOWS\SYSTEM32\dhcpcsvc.DLL
0x00007ff8b6cd0000 - 0x00007ff8b6d9c000 	C:\WINDOWS\SYSTEM32\DNSAPI.dll
0x00007ff894d60000 - 0x00007ff894d73000 	C:\Program Files\Java\jdk1.8.0_261\jre\bin\nio.dll

VM Arguments:
jvm_args: -ea -Didea.test.cyclic.buffer.size=1048576 -javaagent:C:\Program Files\JetBrains\IntelliJ IDEA Community Edition 2020.3.3\lib\idea_rt.jar=59664:C:\Program Files\JetBrains\IntelliJ IDEA Community Edition 2020.3.3\bin -Dfile.encoding=UTF-8 
java_command: com.intellij.rt.testng.RemoteTestNGStarter -usedefaultlisteners false -socket59663 @w@C:\Users\umesh\AppData\Local\Temp\idea_working_dirs_testng.tmp -temp C:\Users\umesh\AppData\Local\Temp\idea_testng.tmp
java_class_path (initial): C:\Program Files\JetBrains\IntelliJ IDEA Community Edition 2020.3.3\lib\idea_rt.jar;C:\Program Files\JetBrains\IntelliJ IDEA Community Edition 2020.3.3\plugins\testng\lib\testng-rt.jar;C:\Program Files\Java\jdk1.8.0_261\jre\lib\charsets.jar;C:\Program Files\Java\jdk1.8.0_261\jre\lib\deploy.jar;C:\Program Files\Java\jdk1.8.0_261\jre\lib\ext\access-bridge-64.jar;C:\Program Files\Java\jdk1.8.0_261\jre\lib\ext\cldrdata.jar;C:\Program Files\Java\jdk1.8.0_261\jre\lib\ext\dnsns.jar;C:\Program Files\Java\jdk1.8.0_261\jre\lib\ext\jaccess.jar;C:\Program Files\Java\jdk1.8.0_261\jre\lib\ext\jfxrt.jar;C:\Program Files\Java\jdk1.8.0_261\jre\lib\ext\localedata.jar;C:\Program Files\Java\jdk1.8.0_261\jre\lib\ext\nashorn.jar;C:\Program Files\Java\jdk1.8.0_261\jre\lib\ext\sunec.jar;C:\Program Files\Java\jdk1.8.0_261\jre\lib\ext\sunjce_provider.jar;C:\Program Files\Java\jdk1.8.0_261\jre\lib\ext\sunmscapi.jar;C:\Program Files\Java\jdk1.8.0_261\jre\lib\ext\sunpkcs11.jar;C:\Program Files\Java\jdk1.8.0_261\jre\lib\ext\zipfs.jar;C:\Program Files\Java\jdk1.8.0_261\jre\lib\javaws.jar;C:\Program Files\Java\jdk1.8.0_261\jre\lib\jce.jar;C:\Program Files\Java\jdk1.8.0_261\jre\lib\jfr.jar;C:\Program Files\Java\jdk1.8.0_261\jre\lib\jfxswt.jar;C:\Program Files\Java\jdk1.8.0_261\jre\lib\jsse.jar;C:\Program Files\Java\jdk1.8.0_261\jre\lib\management-agent.jar;C:\Program Files\Java\jdk1.8.0_261\jre\lib\plugin.jar;C:\Program Files\Java\jdk1.8.0_261\jre\lib\resources.jar;C:\Program Files\Java\jdk1.8.0_261\jre\lib\rt.jar;C:\Users\umesh\eclipse-workspace\FrizzaMaven\target\test-classes;C:\Users\umesh\eclipse-workspace\FrizzaMaven\target\classes;C:\Users\umesh\.m2\repository\io\rest-assured\json-schema-validator\4.3.3\json-schema-validator-4.3.3.jar;C:\Users\umesh\.m2\repository\com\github\java-json-tools\json-schema-validator\2.2.14\json-schema-validator-2.2.14.jar;C:\Users\umesh\.m2\repository\com\google\guava\guava\28.2-android\guava-28.2-android.jar;C:\Users\umesh\.m2\reposi
Launcher Type: SUN_STANDARD

Environment Variables:
PATH=C:\Program Files (x86)\Common Files\Oracle\Java\javapath;C:\WINDOWS\system32;C:\WINDOWS;C:\WINDOWS\System32\Wbem;C:\WINDOWS\System32\WindowsPowerShell\v1.0\;C:\WINDOWS\System32\OpenSSH\;C:\Program Files\apache-maven-3.6.3\bin;C:\Program Files\platform-tools;C:\Program Files\pidcat-win10-master;C:\Program Files\pidcat-win10-master\pidcat.py;;C:\Program Files\Crucial\Crucial Storage Executive;C:\Program Files\Docker\Docker\resources\bin;C:\ProgramData\DockerDesktop\version-bin;C:\Users\umesh\AppData\Local\Programs\Python\Python39\Scripts\;C:\Users\umesh\AppData\Local\Programs\Python\Python39\;C:\Users\umesh\AppData\Local\Microsoft\WindowsApps;C:\Program Files\JetBrains\PyCharm Community Edition 2020.3.3\bin;;C:\Program Files\platform-tools;C:\Program Files\pidcat-win10-master;C:\Program Files\Google\Chrome\Application;;C:\Program Files\JetBrains\IntelliJ IDEA Community Edition 2020.3.3\bin;
USERNAME=umesh
OS=Windows_NT
PROCESSOR_IDENTIFIER=Intel64 Family 6 Model 15 Stepping 13, GenuineIntel



---------------  S Y S T E M  ---------------

OS: Windows 10.0 , 64 bit Build 19041 (10.0.19041.928)

CPU:total 2 (initial active 2) (2 cores per cpu, 1 threads per core) family 6 model 15 stepping 13, cmov, cx8, fxsr, mmx, sse, sse2, sse3, ssse3, tsc

Memory: 4k page, physical 8320244k(1003720k free), swap 8320244k(5124k free)

vm_info: Java HotSpot(TM) 64-Bit Server VM (25.261-b12) for windows-amd64 JRE (1.8.0_261-b12), built on Jun 18 2020 06:56:32 by "" with unknown MS VC++:1916

time: Thu Apr 29 12:17:07 2021
timezone: India Standard Time
elapsed time: 9 seconds (0d 0h 0m 9s)

